<?xml version="1.0" encoding="UTF-8" ?>
<testsuite tests="15" failures="0" name="com.tao.ChenTensorTest" time="0.435" errors="0" skipped="0">
  <properties>
    <property name="java.runtime.name" value="Java(TM) SE Runtime Environment"/>
    <property name="java.vm.version" value="12+33"/>
    <property name="sun.boot.library.path" value="C:\Program Files\Java\jdk-12\bin"/>
    <property name="maven.multiModuleProjectDirectory" value="C:\Users\28439\Desktop\torch"/>
    <property name="java.vm.vendor" value="Oracle Corporation"/>
    <property name="java.vendor.url" value="https://java.oracle.com/"/>
    <property name="guice.disable.misplaced.annotation.check" value="true"/>
    <property name="path.separator" value=";"/>
    <property name="java.vm.name" value="Java HotSpot(TM) 64-Bit Server VM"/>
    <property name="sun.os.patch.level" value=""/>
    <property name="user.script" value=""/>
    <property name="user.country" value="CN"/>
    <property name="sun.java.launcher" value="SUN_STANDARD"/>
    <property name="java.vm.specification.name" value="Java Virtual Machine Specification"/>
    <property name="user.dir" value="C:\Users\28439\Desktop\torch"/>
    <property name="java.vm.compressedOopsMode" value="Zero based"/>
    <property name="java.runtime.version" value="12+33"/>
    <property name="java.awt.graphicsenv" value="sun.awt.Win32GraphicsEnvironment"/>
    <property name="os.arch" value="amd64"/>
    <property name="java.io.tmpdir" value="C:\Users\28439\AppData\Local\Temp\"/>
    <property name="line.separator" value="
"/>
    <property name="java.vm.specification.vendor" value="Oracle Corporation"/>
    <property name="user.variant" value=""/>
    <property name="os.name" value="Windows 10"/>
    <property name="classworlds.conf" value="C:\Program Files\Java\apache-maven-3.8.4\bin\m2.conf"/>
    <property name="sun.jnu.encoding" value="GBK"/>
    <property name="java.library.path" value="C:\Program Files\Java\jdk-12\bin;C:\WINDOWS\Sun\Java\bin;C:\WINDOWS\system32;C:\WINDOWS;D:\appRoute\Miniconda3;D:\appRoute\Miniconda3\Library\mingw-w64\bin;D:\appRoute\Miniconda3\Library\usr\bin;D:\appRoute\Miniconda3\Library\bin;D:\appRoute\Miniconda3\Scripts;C:\WINDOWS\system32;C:\WINDOWS;C:\WINDOWS\System32\Wbem;C:\WINDOWS\System32\WindowsPowerShell\v1.0\;C:\WINDOWS\System32\OpenSSH\;C:\Program Files\Java\jdk-12\bin;C:\Program Files\Java\apache-maven-3.8.4\bin;C:\Users\28439\AppData\Local\Microsoft\WindowsApps;D:\appRoute\Microsoft VS Code\bin;."/>
    <property name="maven.conf" value="C:\Program Files\Java\apache-maven-3.8.4/conf"/>
    <property name="jdk.debug" value="release"/>
    <property name="java.class.version" value="56.0"/>
    <property name="java.specification.name" value="Java Platform API Specification"/>
    <property name="sun.management.compiler" value="HotSpot 64-Bit Tiered Compilers"/>
    <property name="os.version" value="10.0"/>
    <property name="library.jansi.path" value="C:\Program Files\Java\apache-maven-3.8.4\lib\jansi-native"/>
    <property name="user.home" value="C:\Users\28439"/>
    <property name="user.timezone" value="Asia/Shanghai"/>
    <property name="file.encoding" value="GBK"/>
    <property name="java.specification.version" value="12"/>
    <property name="user.name" value="Tao"/>
    <property name="java.class.path" value="C:\Program Files\Java\apache-maven-3.8.4\boot\plexus-classworlds-2.6.0.jar"/>
    <property name="java.vm.specification.version" value="12"/>
    <property name="sun.arch.data.model" value="64"/>
    <property name="sun.java.command" value="org.codehaus.plexus.classworlds.launcher.Launcher test"/>
    <property name="java.home" value="C:\Program Files\Java\jdk-12"/>
    <property name="user.language" value="zh"/>
    <property name="java.specification.vendor" value="Oracle Corporation"/>
    <property name="awt.toolkit" value="sun.awt.windows.WToolkit"/>
    <property name="java.vm.info" value="mixed mode, sharing"/>
    <property name="java.version" value="12"/>
    <property name="java.vendor" value="Oracle Corporation"/>
    <property name="sun.stderr.encoding" value="ms936"/>
    <property name="maven.home" value="C:\Program Files\Java\apache-maven-3.8.4"/>
    <property name="file.separator" value="\"/>
    <property name="java.version.date" value="2019-03-19"/>
    <property name="java.vendor.url.bug" value="https://bugreport.java.com/bugreport/"/>
    <property name="sun.io.unicode.encoding" value="UnicodeLittle"/>
    <property name="sun.cpu.endian" value="little"/>
    <property name="sun.stdout.encoding" value="ms936"/>
    <property name="sun.desktop" value="windows"/>
    <property name="sun.cpu.isalist" value="amd64"/>
  </properties>
  <testcase classname="com.tao.ChenTensorTest" name="test10" time="0.308"/>
  <testcase classname="com.tao.ChenTensorTest" name="test11" time="0.036"/>
  <testcase classname="com.tao.ChenTensorTest" name="test12" time="0.026"/>
  <testcase classname="com.tao.ChenTensorTest" name="test13" time="0"/>
  <testcase classname="com.tao.ChenTensorTest" name="test14" time="0.003"/>
  <testcase classname="com.tao.ChenTensorTest" name="test15" time="0.032"/>
  <testcase classname="com.tao.ChenTensorTest" name="test1" time="0"/>
  <testcase classname="com.tao.ChenTensorTest" name="test2" time="0.016"/>
  <testcase classname="com.tao.ChenTensorTest" name="test3" time="0.005"/>
  <testcase classname="com.tao.ChenTensorTest" name="test4" time="0.006"/>
  <testcase classname="com.tao.ChenTensorTest" name="test5" time="0"/>
  <testcase classname="com.tao.ChenTensorTest" name="test6" time="0"/>
  <testcase classname="com.tao.ChenTensorTest" name="test7" time="0.003"/>
  <testcase classname="com.tao.ChenTensorTest" name="test8" time="0"/>
  <testcase classname="com.tao.ChenTensorTest" name="test9" time="0"/>
</testsuite>